<?xml version="1.0" encoding="UTF-8"?>
<testsuite name="com.webatoz.backend.interfaces.BoardControllerTest" tests="1" skipped="0" failures="0" errors="0" timestamp="2020-06-16T14:18:21" hostname="DESKTOP-SKVBMTB" time="0.602">
  <properties/>
  <testcase name="getBoards" classname="com.webatoz.backend.interfaces.BoardControllerTest" time="0.602"/>
  <system-out><![CDATA[23:18:08.133 [Test worker] DEBUG org.springframework.test.context.junit4.SpringJUnit4ClassRunner - SpringJUnit4ClassRunner constructor called with [class com.webatoz.backend.interfaces.BoardControllerTest]
23:18:08.142 [Test worker] DEBUG org.springframework.test.context.BootstrapUtils - Instantiating CacheAwareContextLoaderDelegate from class [org.springframework.test.context.cache.DefaultCacheAwareContextLoaderDelegate]
23:18:08.165 [Test worker] DEBUG org.springframework.test.context.BootstrapUtils - Instantiating BootstrapContext using constructor [public org.springframework.test.context.support.DefaultBootstrapContext(java.lang.Class,org.springframework.test.context.CacheAwareContextLoaderDelegate)]
23:18:08.211 [Test worker] DEBUG org.springframework.test.context.BootstrapUtils - Instantiating TestContextBootstrapper for test class [com.webatoz.backend.interfaces.BoardControllerTest] from class [org.springframework.boot.test.context.SpringBootTestContextBootstrapper]
23:18:08.230 [Test worker] INFO org.springframework.boot.test.context.SpringBootTestContextBootstrapper - Neither @ContextConfiguration nor @ContextHierarchy found for test class [com.webatoz.backend.interfaces.BoardControllerTest], using SpringBootContextLoader
23:18:08.342 [Test worker] DEBUG org.springframework.test.context.support.AbstractContextLoader - Did not detect default resource location for test class [com.webatoz.backend.interfaces.BoardControllerTest]: class path resource [com/webatoz/backend/interfaces/BoardControllerTest-context.xml] does not exist
23:18:08.344 [Test worker] DEBUG org.springframework.test.context.support.AbstractContextLoader - Did not detect default resource location for test class [com.webatoz.backend.interfaces.BoardControllerTest]: class path resource [com/webatoz/backend/interfaces/BoardControllerTestContext.groovy] does not exist
23:18:08.344 [Test worker] INFO org.springframework.test.context.support.AbstractContextLoader - Could not detect default resource locations for test class [com.webatoz.backend.interfaces.BoardControllerTest]: no resource found for suffixes {-context.xml, Context.groovy}.
23:18:08.345 [Test worker] INFO org.springframework.test.context.support.AnnotationConfigContextLoaderUtils - Could not detect default configuration classes for test class [com.webatoz.backend.interfaces.BoardControllerTest]: BoardControllerTest does not declare any static, non-private, non-final, nested classes annotated with @Configuration.
23:18:08.471 [Test worker] DEBUG org.springframework.test.context.support.ActiveProfilesUtils - Could not find an 'annotation declaring class' for annotation type [org.springframework.test.context.ActiveProfiles] and class [com.webatoz.backend.interfaces.BoardControllerTest]
23:18:08.576 [Test worker] DEBUG org.springframework.context.annotation.ClassPathScanningCandidateComponentProvider - Identified candidate component class: file [D:\정은공부\Spring\build\classes\java\main\com\webatoz\backend\WebatozApplication.class]
23:18:08.577 [Test worker] INFO org.springframework.boot.test.context.SpringBootTestContextBootstrapper - Found @SpringBootConfiguration com.webatoz.backend.WebatozApplication for test class com.webatoz.backend.interfaces.BoardControllerTest
23:18:08.700 [Test worker] DEBUG org.springframework.boot.test.context.SpringBootTestContextBootstrapper - @TestExecutionListeners is not present for class [com.webatoz.backend.interfaces.BoardControllerTest]: using defaults.
23:18:08.700 [Test worker] INFO org.springframework.boot.test.context.SpringBootTestContextBootstrapper - Loaded default TestExecutionListener class names from location [META-INF/spring.factories]: [org.springframework.boot.test.autoconfigure.restdocs.RestDocsTestExecutionListener, org.springframework.boot.test.autoconfigure.web.client.MockRestServiceServerResetTestExecutionListener, org.springframework.boot.test.autoconfigure.web.servlet.MockMvcPrintOnlyOnFailureTestExecutionListener, org.springframework.boot.test.autoconfigure.web.servlet.WebDriverTestExecutionListener, org.springframework.boot.test.mock.mockito.MockitoTestExecutionListener, org.springframework.boot.test.mock.mockito.ResetMocksTestExecutionListener, org.springframework.test.context.web.ServletTestExecutionListener, org.springframework.test.context.support.DirtiesContextBeforeModesTestExecutionListener, org.springframework.test.context.support.DependencyInjectionTestExecutionListener, org.springframework.test.context.support.DirtiesContextTestExecutionListener, org.springframework.test.context.transaction.TransactionalTestExecutionListener, org.springframework.test.context.jdbc.SqlScriptsTestExecutionListener, org.springframework.test.context.event.EventPublishingTestExecutionListener]
23:18:08.718 [Test worker] INFO org.springframework.boot.test.context.SpringBootTestContextBootstrapper - Using TestExecutionListeners: [org.springframework.test.context.web.ServletTestExecutionListener@5af5356, org.springframework.test.context.support.DirtiesContextBeforeModesTestExecutionListener@214931ba, org.springframework.boot.test.mock.mockito.MockitoTestExecutionListener@60c5b824, org.springframework.boot.test.autoconfigure.SpringBootDependencyInjectionTestExecutionListener@80ec1d3, org.springframework.test.context.support.DirtiesContextTestExecutionListener@77440667, org.springframework.test.context.transaction.TransactionalTestExecutionListener@1f683dd4, org.springframework.test.context.jdbc.SqlScriptsTestExecutionListener@52a1a285, org.springframework.test.context.event.EventPublishingTestExecutionListener@2c5fe15b, org.springframework.boot.test.autoconfigure.restdocs.RestDocsTestExecutionListener@7bffad89, org.springframework.boot.test.autoconfigure.web.client.MockRestServiceServerResetTestExecutionListener@2527a9bf, org.springframework.boot.test.autoconfigure.web.servlet.MockMvcPrintOnlyOnFailureTestExecutionListener@7a4d8214, org.springframework.boot.test.autoconfigure.web.servlet.WebDriverTestExecutionListener@29cbe13f, org.springframework.boot.test.mock.mockito.ResetMocksTestExecutionListener@2f5e826a]
23:18:08.726 [Test worker] DEBUG org.springframework.test.annotation.ProfileValueUtils - Retrieved @ProfileValueSourceConfiguration [null] for test class [com.webatoz.backend.interfaces.BoardControllerTest]
23:18:08.726 [Test worker] DEBUG org.springframework.test.annotation.ProfileValueUtils - Retrieved ProfileValueSource type [class org.springframework.test.annotation.SystemProfileValueSource] for class [com.webatoz.backend.interfaces.BoardControllerTest]
23:18:08.728 [Test worker] DEBUG org.springframework.test.annotation.ProfileValueUtils - Retrieved @ProfileValueSourceConfiguration [null] for test class [com.webatoz.backend.interfaces.BoardControllerTest]
23:18:08.728 [Test worker] DEBUG org.springframework.test.annotation.ProfileValueUtils - Retrieved ProfileValueSource type [class org.springframework.test.annotation.SystemProfileValueSource] for class [com.webatoz.backend.interfaces.BoardControllerTest]
23:18:08.736 [Test worker] DEBUG org.springframework.test.context.support.AbstractDirtiesContextTestExecutionListener - Before test class: context [DefaultTestContext@7088b7ab testClass = BoardControllerTest, testInstance = [null], testMethod = [null], testException = [null], mergedContextConfiguration = [WebMergedContextConfiguration@5f07a599 testClass = BoardControllerTest, locations = '{}', classes = '{class com.webatoz.backend.WebatozApplication}', contextInitializerClasses = '[]', activeProfiles = '{}', propertySourceLocations = '{}', propertySourceProperties = '{org.springframework.boot.test.context.SpringBootTestContextBootstrapper=true}', contextCustomizers = set[org.springframework.boot.test.autoconfigure.properties.PropertyMappingContextCustomizer@31751e2b, org.springframework.boot.test.autoconfigure.web.servlet.WebDriverContextCustomizerFactory$Customizer@3f0cc875, [ImportsContextCustomizer@15138bb2 key = [@org.springframework.context.annotation.Import(value={org.springframework.boot.test.autoconfigure.restdocs.RestDocumentationContextProviderRegistrar.class}), @org.springframework.boot.test.autoconfigure.restdocs.AutoConfigureRestDocs(uriScheme="https", outputDir="", uriPort=443, value="", uriHost="webatoz.com"), @org.springframework.boot.test.autoconfigure.properties.PropertyMapping(value="spring.test.restdocs", skip=NO), @org.springframework.context.annotation.Import(value={com.webatoz.backend.config.RestDocsConfiguration.class}), @org.springframework.boot.test.context.SpringBootTest(args={}, webEnvironment=MOCK, value={}, properties={}, classes={}), @org.junit.runner.RunWith(value=org.springframework.test.context.junit4.SpringRunner.class), @org.springframework.boot.test.autoconfigure.properties.PropertyMapping(value="spring.test.mockmvc", skip=NO), @org.springframework.boot.test.autoconfigure.web.servlet.AutoConfigureMockMvc(webDriverEnabled=true, print=DEFAULT, webClientEnabled=true, addFilters=true, printOnlyOnFailure=true), @org.junit.jupiter.api.extension.ExtendWith(value={org.springframework.test.context.junit.jupiter.SpringExtension.class}), @org.springframework.context.annotation.Import(value={org.springframework.boot.autoconfigure.ImportAutoConfigurationImportSelector.class}), @org.springframework.test.context.BootstrapWith(value=org.springframework.boot.test.context.SpringBootTestContextBootstrapper.class), @org.springframework.boot.autoconfigure.ImportAutoConfiguration(value={}, exclude={}, classes={}), @org.apiguardian.api.API(consumers={"*"}, since="5.0", status=STABLE)]], org.springframework.boot.test.context.filter.ExcludeFilterContextCustomizer@7a8b6c80, org.springframework.boot.test.json.DuplicateJsonObjectContextCustomizerFactory$DuplicateJsonObjectContextCustomizer@4b4d5e6b, org.springframework.boot.test.mock.mockito.MockitoContextCustomizer@0, org.springframework.boot.test.web.client.TestRestTemplateContextCustomizer@4827d55c], resourceBasePath = 'src/main/webapp', contextLoader = 'org.springframework.boot.test.context.SpringBootContextLoader', parent = [null]], attributes = map['org.springframework.test.context.web.ServletTestExecutionListener.activateListener' -> true]], class annotated with @DirtiesContext [false] with mode [null].
23:18:08.739 [Test worker] DEBUG org.springframework.test.annotation.ProfileValueUtils - Retrieved @ProfileValueSourceConfiguration [null] for test class [com.webatoz.backend.interfaces.BoardControllerTest]
23:18:08.739 [Test worker] DEBUG org.springframework.test.annotation.ProfileValueUtils - Retrieved ProfileValueSource type [class org.springframework.test.annotation.SystemProfileValueSource] for class [com.webatoz.backend.interfaces.BoardControllerTest]
23:18:08.764 [Test worker] DEBUG org.springframework.test.context.support.TestPropertySourceUtils - Adding inlined properties to environment: {spring.jmx.enabled=false, org.springframework.boot.test.context.SpringBootTestContextBootstrapper=true, server.port=-1}
[2020/06/16 23:18:09] ?[34mINFO ?[0;39m | ?[36msBeanFactoryPostProcessor?[0;39m | Post-processing PropertySource instances
[2020/06/16 23:18:09] ?[34mINFO ?[0;39m | ?[36mlePropertySourceConverter?[0;39m | Converting PropertySource configurationProperties [org.springframework.boot.context.properties.source.ConfigurationPropertySourcesPropertySource] to AOP Proxy
[2020/06/16 23:18:09] ?[34mINFO ?[0;39m | ?[36mlePropertySourceConverter?[0;39m | Converting PropertySource bootstrap [org.springframework.core.env.MapPropertySource] to EncryptableMapPropertySourceWrapper
[2020/06/16 23:18:09] ?[34mINFO ?[0;39m | ?[36mlePropertySourceConverter?[0;39m | Converting PropertySource Inlined Test Properties [org.springframework.core.env.MapPropertySource] to EncryptableMapPropertySourceWrapper
[2020/06/16 23:18:09] ?[34mINFO ?[0;39m | ?[36mlePropertySourceConverter?[0;39m | Converting PropertySource systemProperties [org.springframework.core.env.PropertiesPropertySource] to EncryptableMapPropertySourceWrapper
[2020/06/16 23:18:09] ?[34mINFO ?[0;39m | ?[36mlePropertySourceConverter?[0;39m | Converting PropertySource systemEnvironment [org.springframework.boot.env.SystemEnvironmentPropertySourceEnvironmentPostProcessor$OriginAwareSystemEnvironmentPropertySource] to EncryptableMapPropertySourceWrapper
[2020/06/16 23:18:09] ?[34mINFO ?[0;39m | ?[36mlePropertySourceConverter?[0;39m | Converting PropertySource random [org.springframework.boot.env.RandomValuePropertySource] to EncryptablePropertySourceWrapper
[2020/06/16 23:18:09] ?[34mINFO ?[0;39m | ?[36mlePropertySourceConverter?[0;39m | Converting PropertySource springCloudClientHostInfo [org.springframework.core.env.MapPropertySource] to EncryptableMapPropertySourceWrapper
[2020/06/16 23:18:09] ?[34mINFO ?[0;39m | ?[36m$BeanPostProcessorChecker?[0;39m | Bean 'org.springframework.cloud.autoconfigure.ConfigurationPropertiesRebinderAutoConfiguration' of type [org.springframework.cloud.autoconfigure.ConfigurationPropertiesRebinderAutoConfiguration$$EnhancerBySpringCGLIB$$51baf894] is not eligible for getting processed by all BeanPostProcessors (for example: not eligible for auto-proxying)
[2020/06/16 23:18:09] ?[34mINFO ?[0;39m | ?[36mDefaultLazyPropertyFilter?[0;39m | Property Filter custom Bean not found with name 'encryptablePropertyFilter'. Initializing Default Property Filter

  .   ____          _            __ _ _
 /\\ / ___'_ __ _ _(_)_ __  __ _ \ \ \ \
( ( )\___ | '_ | '_| | '_ \/ _` | \ \ \ \
 \\/  ___)| |_)| | | | | || (_| |  ) ) ) )
  '  |____| .__|_| |_|_| |_\__, | / / / /
 =========|_|==============|___/=/_/_/_/
 :: Spring Boot ::        (v2.2.5.RELEASE)

[2020/06/16 23:18:10] ?[34mINFO ?[0;39m | ?[36mlePropertiesConfiguration?[0;39m | Bootstraping jasypt-string-boot auto configuration in context: application-1
[2020/06/16 23:18:10] ?[34mINFO ?[0;39m | ?[36mw.b.i.BoardControllerTest?[0;39m | No active profile set, falling back to default profiles: default
[2020/06/16 23:18:10] ?[39mDEBUG?[0;39m | ?[36mericWebApplicationContext?[0;39m | Refreshing org.springframework.web.context.support.GenericWebApplicationContext@26b9ed79
[2020/06/16 23:18:10] ?[34mINFO ?[0;39m | ?[36mtoryConfigurationDelegate?[0;39m | Bootstrapping Spring Data JPA repositories in DEFAULT mode.
[2020/06/16 23:18:10] ?[34mINFO ?[0;39m | ?[36mtoryConfigurationDelegate?[0;39m | Finished Spring Data repository scanning in 73ms. Found 2 JPA repository interfaces.
[2020/06/16 23:18:11] ?[31mWARN ?[0;39m | ?[36mo.s.b.a.e.EndpointId     ?[0;39m | Endpoint ID 'hystrix.stream' contains invalid characters, please migrate to a valid format.
[2020/06/16 23:18:11] ?[34mINFO ?[0;39m | ?[36mo.s.c.c.s.GenericScope   ?[0;39m | BeanFactory id=62e8279b-f096-30dc-bc02-8f0cbb63bd14
[2020/06/16 23:18:11] ?[34mINFO ?[0;39m | ?[36msBeanFactoryPostProcessor?[0;39m | Post-processing PropertySource instances
[2020/06/16 23:18:11] ?[34mINFO ?[0;39m | ?[36mlePropertySourceConverter?[0;39m | Converting PropertySource Annotations [org.springframework.boot.test.autoconfigure.properties.AnnotationsPropertySource] to EncryptableEnumerablePropertySourceWrapper
[2020/06/16 23:18:11] ?[34mINFO ?[0;39m | ?[36mlePropertySourceConverter?[0;39m | Converting PropertySource configurationProperties [org.springframework.boot.context.properties.source.ConfigurationPropertySourcesPropertySource] to AOP Proxy
[2020/06/16 23:18:11] ?[34mINFO ?[0;39m | ?[36mlePropertySourceConverter?[0;39m | Converting PropertySource Inlined Test Properties [org.springframework.core.env.MapPropertySource] to EncryptableMapPropertySourceWrapper
[2020/06/16 23:18:11] ?[34mINFO ?[0;39m | ?[36mlePropertySourceConverter?[0;39m | Converting PropertySource systemProperties [org.springframework.core.env.PropertiesPropertySource] to EncryptableMapPropertySourceWrapper
[2020/06/16 23:18:11] ?[34mINFO ?[0;39m | ?[36mlePropertySourceConverter?[0;39m | Converting PropertySource systemEnvironment [org.springframework.boot.env.SystemEnvironmentPropertySourceEnvironmentPostProcessor$OriginAwareSystemEnvironmentPropertySource] to EncryptableMapPropertySourceWrapper
[2020/06/16 23:18:11] ?[34mINFO ?[0;39m | ?[36mlePropertySourceConverter?[0;39m | Converting PropertySource random [org.springframework.boot.env.RandomValuePropertySource] to EncryptablePropertySourceWrapper
[2020/06/16 23:18:11] ?[34mINFO ?[0;39m | ?[36mlePropertySourceConverter?[0;39m | Converting PropertySource applicationConfig: [classpath:/application.yml] [org.springframework.boot.env.OriginTrackedMapPropertySource] to EncryptableMapPropertySourceWrapper
[2020/06/16 23:18:11] ?[34mINFO ?[0;39m | ?[36mlePropertySourceConverter?[0;39m | Converting PropertySource springCloudClientHostInfo [org.springframework.core.env.MapPropertySource] to EncryptableMapPropertySourceWrapper
[2020/06/16 23:18:11] ?[34mINFO ?[0;39m | ?[36mlePropertySourceConverter?[0;39m | Converting PropertySource defaultProperties [org.springframework.core.env.MapPropertySource] to EncryptableMapPropertySourceWrapper
[2020/06/16 23:18:11] ?[34mINFO ?[0;39m | ?[36mDefaultLazyPropertyFilter?[0;39m | Property Filter custom Bean not found with name 'encryptablePropertyFilter'. Initializing Default Property Filter
[2020/06/16 23:18:12] ?[34mINFO ?[0;39m | ?[36m$BeanPostProcessorChecker?[0;39m | Bean 'org.springframework.cloud.autoconfigure.ConfigurationPropertiesRebinderAutoConfiguration' of type [org.springframework.cloud.autoconfigure.ConfigurationPropertiesRebinderAutoConfiguration$$EnhancerBySpringCGLIB$$51baf894] is not eligible for getting processed by all BeanPostProcessors (for example: not eligible for auto-proxying)
[2020/06/16 23:18:12] ?[34mINFO ?[0;39m | ?[36mfaultLazyPropertyResolver?[0;39m | Property Resolver custom Bean not found with name 'encryptablePropertyResolver'. Initializing Default Property Resolver
[2020/06/16 23:18:12] ?[34mINFO ?[0;39m | ?[36mfaultLazyPropertyDetector?[0;39m | Property Detector custom Bean not found with name 'encryptablePropertyDetector'. Initializing Default Property Detector
[2020/06/16 23:18:12] ?[34mINFO ?[0;39m | ?[36m.j.e.DefaultLazyEncryptor?[0;39m | String Encryptor custom Bean not found with name 'jasyptStringEncryptor'. Initializing Default String Encryptor
[2020/06/16 23:18:12] ?[34mINFO ?[0;39m | ?[36m.j.e.DefaultLazyEncryptor?[0;39m | Encryptor config not found for property jasypt.encryptor.keyObtentionIterations, using default value: 1000
[2020/06/16 23:18:12] ?[34mINFO ?[0;39m | ?[36m.j.e.DefaultLazyEncryptor?[0;39m | Encryptor config not found for property jasypt.encryptor.providerName, using default value: null
[2020/06/16 23:18:12] ?[34mINFO ?[0;39m | ?[36m.j.e.DefaultLazyEncryptor?[0;39m | Encryptor config not found for property jasypt.encryptor.providerClassName, using default value: null
[2020/06/16 23:18:12] ?[34mINFO ?[0;39m | ?[36m.j.e.DefaultLazyEncryptor?[0;39m | Encryptor config not found for property jasypt.encryptor.saltGeneratorClassname, using default value: org.jasypt.salt.RandomSaltGenerator
[2020/06/16 23:18:12] ?[34mINFO ?[0;39m | ?[36m.j.e.DefaultLazyEncryptor?[0;39m | Encryptor config not found for property jasypt.encryptor.stringOutputType, using default value: base64
[2020/06/16 23:18:12] ?[34mINFO ?[0;39m | ?[36mc.z.h.HikariDataSource   ?[0;39m | HikariPool-1 - Starting...
[2020/06/16 23:18:12] ?[34mINFO ?[0;39m | ?[36mc.z.hikari.pool.PoolBase ?[0;39m | HikariPool-1 - Driver does not support get/set network timeout for connections. (Method org.postgresql.jdbc.PgConnection.getNetworkTimeout() is not yet implemented.)
[2020/06/16 23:18:12] ?[34mINFO ?[0;39m | ?[36mc.z.h.HikariDataSource   ?[0;39m | HikariPool-1 - Start completed.
[2020/06/16 23:18:12] ?[34mINFO ?[0;39m | ?[36mo.h.j.i.util.LogHelper   ?[0;39m | HHH000204: Processing PersistenceUnitInfo [name: webatoz]
[2020/06/16 23:18:12] ?[34mINFO ?[0;39m | ?[36morg.hibernate.Version    ?[0;39m | HHH000412: Hibernate ORM core version 5.4.12.Final
[2020/06/16 23:18:13] ?[34mINFO ?[0;39m | ?[36mo.h.a.common.Version     ?[0;39m | HCANN000001: Hibernate Commons Annotations {5.1.0.Final}
[2020/06/16 23:18:13] ?[34mINFO ?[0;39m | ?[36mo.h.dialect.Dialect      ?[0;39m | HHH000400: Using dialect: org.hibernate.dialect.PostgreSQL10Dialect
[2020/06/16 23:18:18] ?[34mINFO ?[0;39m | ?[36m.p.i.JtaPlatformInitiator?[0;39m | HHH000490: Using JtaPlatform implementation: [org.hibernate.engine.transaction.jta.platform.internal.NoJtaPlatform]
[2020/06/16 23:18:18] ?[34mINFO ?[0;39m | ?[36mrEntityManagerFactoryBean?[0;39m | Initialized JPA EntityManagerFactory for persistence unit 'webatoz'
[2020/06/16 23:18:19] ?[31mWARN ?[0;39m | ?[36m.s.URLConfigurationSource?[0;39m | No URLs will be polled as dynamic configuration sources.
[2020/06/16 23:18:19] ?[34mINFO ?[0;39m | ?[36m.s.URLConfigurationSource?[0;39m | To enable URLs as dynamic configuration sources, define System property archaius.configurationSource.additionalUrls or make config.properties available on classpath.
[2020/06/16 23:18:19] ?[31mWARN ?[0;39m | ?[36m.s.URLConfigurationSource?[0;39m | No URLs will be polled as dynamic configuration sources.
[2020/06/16 23:18:19] ?[34mINFO ?[0;39m | ?[36m.s.URLConfigurationSource?[0;39m | To enable URLs as dynamic configuration sources, define System property archaius.configurationSource.additionalUrls or make config.properties available on classpath.
[2020/06/16 23:18:19] ?[31mWARN ?[0;39m | ?[36mation$JpaWebConfiguration?[0;39m | spring.jpa.open-in-view is enabled by default. Therefore, database queries may be performed during view rendering. Explicitly configure spring.jpa.open-in-view to disable this warning
[2020/06/16 23:18:20] ?[34mINFO ?[0;39m | ?[36m.c.ThreadPoolTaskExecutor?[0;39m | Initializing ExecutorService 'applicationTaskExecutor'
[2020/06/16 23:18:20] ?[39mDEBUG?[0;39m | ?[36muestMappingHandlerAdapter?[0;39m | ControllerAdvice beans: 0 @ModelAttribute, 0 @InitBinder, 1 RequestBodyAdvice, 1 ResponseBodyAdvice
[2020/06/16 23:18:20] ?[39mDEBUG?[0;39m | ?[36muestMappingHandlerMapping?[0;39m | 15 mappings in 'requestMappingHandlerMapping'
[2020/06/16 23:18:20] ?[39mDEBUG?[0;39m | ?[36mh.SimpleUrlHandlerMapping?[0;39m | Patterns [/webjars/**, /**] in 'resourceHandlerMapping'
[2020/06/16 23:18:20] ?[39mDEBUG?[0;39m | ?[36mnHandlerExceptionResolver?[0;39m | ControllerAdvice beans: 1 @ExceptionHandler, 1 ResponseBodyAdvice
[2020/06/16 23:18:21] ?[34mINFO ?[0;39m | ?[36mingBootMockServletContext?[0;39m | Initializing Spring TestDispatcherServlet ''
[2020/06/16 23:18:21] ?[34mINFO ?[0;39m | ?[36mw.s.TestDispatcherServlet?[0;39m | Initializing Servlet ''
[2020/06/16 23:18:21] ?[34mINFO ?[0;39m | ?[36me.w.EndpointLinksResolver?[0;39m | Exposing 2 endpoint(s) beneath base path '/actuator'
[2020/06/16 23:18:21] ?[34mINFO ?[0;39m | ?[36mw.s.TestDispatcherServlet?[0;39m | Completed initialization in 79 ms
[2020/06/16 23:18:21] ?[34mINFO ?[0;39m | ?[36mn.z.ZuulFilterInitializer?[0;39m | Starting filter initializer
[2020/06/16 23:18:21] ?[34mINFO ?[0;39m | ?[36mw.b.i.BoardControllerTest?[0;39m | Started BoardControllerTest in 13.096 seconds (JVM running for 14.85)
[2020/06/16 23:18:22] ?[39mDEBUG?[0;39m | ?[36muestMappingHandlerMapping?[0;39m | Mapped to com.webatoz.backend.interfaces.board.BoardController#getBoards(Pageable, PagedResourcesAssembler)
Hibernate: 
    select
        board0_.board_id as board_id1_1_,
        board0_.content as content2_1_,
        board0_.created_date as created_3_1_,
        board0_.deleted_date as deleted_4_1_,
        board0_.option_id as option_i5_1_,
        board0_.title as title6_1_,
        board0_.updated_date as updated_7_1_,
        board0_.user_id as user_id8_1_,
        board0_.views as views9_1_ 
    from
        board board0_ limit ?
Hibernate: 
    select
        count(board0_.board_id) as col_0_0_ 
    from
        board board0_
[2020/06/16 23:18:22] ?[39mDEBUG?[0;39m | ?[36mHttpEntityMethodProcessor?[0;39m | Using 'application/hal+json', given [application/hal+json] and supported [application/hal+json, application/json, application/json, application/*+json, application/json, application/*+json]
[2020/06/16 23:18:22] ?[39mDEBUG?[0;39m | ?[36mHttpEntityMethodProcessor?[0;39m | Writing [PagedResource { content: [links: [], links: [], links: [], links: [], links: [], links: [], links: [ (truncated)...]

MockHttpServletRequest:
      HTTP Method = GET
      Request URI = /boards
       Parameters = {}
          Headers = [Content-Type:"application/json;charset=UTF-8", Accept:"application/hal+json"]
             Body = null
    Session Attrs = {}

Handler:
             Type = com.webatoz.backend.interfaces.board.BoardController
           Method = com.webatoz.backend.interfaces.board.BoardController#getBoards(Pageable, PagedResourcesAssembler)

Async:
    Async started = false
     Async result = null

Resolved Exception:
             Type = null

ModelAndView:
        View name = null
             View = null
            Model = null

FlashMap:
       Attributes = null

MockHttpServletResponse:
           Status = 200
    Error message = null
          Headers = [Vary:"Origin", "Access-Control-Request-Method", "Access-Control-Request-Headers", Content-Type:"application/hal+json"]
     Content type = application/hal+json
             Body = {"_embedded":{"boards":[{"title":"fsdsdz","created_date":"2020-04-23 00:00:00","updated_date":"2020-04-23 00:00:00","deleted_date":null,"id":8},{"title":"??±?¡? ?????¤??¸???","created_date":null,"updated_date":null,"deleted_date":null,"id":6},{"title":"??¸?¡??¡¤?¡???????","created_date":"2020-04-23 00:00:00","updated_date":"2020-04-23 00:00:00","deleted_date":null,"id":12},{"title":"??????","created_date":"2020-04-28 00:00:00","updated_date":"2020-04-28 00:00:00","deleted_date":null,"id":19},{"title":"?¡¤????²´??¤","created_date":"2020-04-28 00:00:00","updated_date":"2020-04-28 00:00:00","deleted_date":null,"id":21},{"title":"???????§? ????????? ???????³???¶??¤","created_date":"2020-04-23 00:00:00","updated_date":"2020-04-23 00:00:00","deleted_date":null,"id":14},{"title":"test","created_date":"2020-04-28 00:00:00","updated_date":"2020-04-28 00:00:00","deleted_date":null,"id":22},{"title":"1234","created_date":"2020-04-28 00:00:00","updated_date":"2020-04-28 00:00:00","deleted_date":null,"id":23},{"title":"??????","created_date":"2020-04-28 00:00:00","updated_date":"2020-04-28 00:00:00","deleted_date":null,"id":20},{"title":"add","created_date":"2020-04-28 00:00:00","updated_date":"2020-04-28 00:00:00","deleted_date":null,"id":24}]},"_links":{"first":{"href":"https://webatoz.com/boards?page=0&size=10"},"self":{"href":"https://webatoz.com/boards?page=0&size=10"},"next":{"href":"https://webatoz.com/boards?page=1&size=10"},"last":{"href":"https://webatoz.com/boards?page=1&size=10"},"profile":{"href":"https://webatoz.com/boards/docs/index.html#resources-get-boards"}},"page":{"size":10,"total_elements":15,"total_pages":2,"number":0}}
    Forwarded URL = null
   Redirected URL = null
          Cookies = []
]]></system-out>
  <system-err><![CDATA[]]></system-err>
</testsuite>
